<?xml version="1.0" encoding="UTF-8"?>
<testsuite name="com.georgepapas.pact.FooClientPactTest" tests="4" skipped="2" failures="1" errors="0" timestamp="2016-02-09T06:45:49" hostname="Georges-MBP.home" time="2.615">
  <properties/>
  <testcase name="request to create another foo" classname="com.georgepapas.pact.FooClientPactTest" time="0.0">
    <skipped/>
  </testcase>
  <testcase name="consumer with digits" classname="com.georgepapas.pact.FooClientPactTest" time="2.038">
    <failure message="Assertion failed: &#10;&#10;assert result == PactVerified$.MODULE$  // This means it is all good in weird Scala speak.&#10;       |      |                |&#10;       |      false            Pact verified.&#10;       Pact verification failed for the following reasons:&#10;       a retrieve Mallory request:&#10;           BodyTypeMismatch(text/plain,application/json)&#10;        &#10;       The following requests were not received:&#10;       Interaction: a retrieve Mallory request&#10;       &#9;in state there is some good mallory&#10;       request:&#10;       &#9;method: post&#10;       &#9;path: /mallory&#10;       &#9;query: null&#10;       &#9;headers: [:]&#10;       &#9;matchers: [:]&#10;       &#9;body: {&#10;           &quot;priceInCents&quot;: &quot;x0x&quot;&#10;       }&#10;        &#10;       response:&#10;       &#9;status: 200 &#10;       &#9;headers: [Content-Type:application/json] &#10;       &#9;matchers: [:] &#10;       &#9;body: &quot;That is some good Mallory.&quot;&#10;" type="org.codehaus.groovy.runtime.powerassert.PowerAssertionError">Assertion failed: 

assert result == PactVerified$.MODULE$  // This means it is all good in weird Scala speak.
       |      |                |
       |      false            Pact verified.
       Pact verification failed for the following reasons:
       a retrieve Mallory request:
           BodyTypeMismatch(text/plain,application/json)
        
       The following requests were not received:
       Interaction: a retrieve Mallory request
       	in state there is some good mallory
       request:
       	method: post
       	path: /mallory
       	query: null
       	headers: [:]
       	matchers: [:]
       	body: {
           &quot;priceInCents&quot;: &quot;x0x&quot;
       }
        
       response:
       	status: 200 
       	headers: [Content-Type:application/json] 
       	matchers: [:] 
       	body: &quot;That is some good Mallory.&quot;

	at org.codehaus.groovy.runtime.InvokerHelper.assertFailed(InvokerHelper.java:402)
	at org.codehaus.groovy.runtime.ScriptBytecodeAdapter.assertFailed(ScriptBytecodeAdapter.java:650)
	at com.georgepapas.pact.FooClientPactTest.consumer with digits(FooClientPactTest.groovy:179)
	at sun.reflect.NativeMethodAccessorImpl.invoke0(Native Method)
	at sun.reflect.NativeMethodAccessorImpl.invoke(NativeMethodAccessorImpl.java:62)
	at sun.reflect.DelegatingMethodAccessorImpl.invoke(DelegatingMethodAccessorImpl.java:43)
	at java.lang.reflect.Method.invoke(Method.java:497)
	at org.junit.runners.model.FrameworkMethod$1.runReflectiveCall(FrameworkMethod.java:50)
	at org.junit.internal.runners.model.ReflectiveCallable.run(ReflectiveCallable.java:12)
	at org.junit.runners.model.FrameworkMethod.invokeExplosively(FrameworkMethod.java:47)
	at org.junit.internal.runners.statements.InvokeMethod.evaluate(InvokeMethod.java:17)
	at org.junit.internal.runners.statements.RunBefores.evaluate(RunBefores.java:26)
	at org.junit.runners.ParentRunner.runLeaf(ParentRunner.java:325)
	at org.junit.runners.BlockJUnit4ClassRunner.runChild(BlockJUnit4ClassRunner.java:78)
	at org.junit.runners.BlockJUnit4ClassRunner.runChild(BlockJUnit4ClassRunner.java:57)
	at org.junit.runners.ParentRunner$3.run(ParentRunner.java:290)
	at org.junit.runners.ParentRunner$1.schedule(ParentRunner.java:71)
	at org.junit.runners.ParentRunner.runChildren(ParentRunner.java:288)
	at org.junit.runners.ParentRunner.access$000(ParentRunner.java:58)
	at org.junit.runners.ParentRunner$2.evaluate(ParentRunner.java:268)
	at org.junit.runners.ParentRunner.run(ParentRunner.java:363)
	at org.gradle.api.internal.tasks.testing.junit.JUnitTestClassExecuter.runTestClass(JUnitTestClassExecuter.java:86)
	at org.gradle.api.internal.tasks.testing.junit.JUnitTestClassExecuter.execute(JUnitTestClassExecuter.java:49)
	at org.gradle.api.internal.tasks.testing.junit.JUnitTestClassProcessor.processTestClass(JUnitTestClassProcessor.java:64)
	at org.gradle.api.internal.tasks.testing.SuiteTestClassProcessor.processTestClass(SuiteTestClassProcessor.java:50)
	at sun.reflect.NativeMethodAccessorImpl.invoke0(Native Method)
	at sun.reflect.NativeMethodAccessorImpl.invoke(NativeMethodAccessorImpl.java:62)
	at sun.reflect.DelegatingMethodAccessorImpl.invoke(DelegatingMethodAccessorImpl.java:43)
	at java.lang.reflect.Method.invoke(Method.java:497)
	at org.gradle.messaging.dispatch.ReflectionDispatch.dispatch(ReflectionDispatch.java:35)
	at org.gradle.messaging.dispatch.ReflectionDispatch.dispatch(ReflectionDispatch.java:24)
	at org.gradle.messaging.dispatch.ContextClassLoaderDispatch.dispatch(ContextClassLoaderDispatch.java:32)
	at org.gradle.messaging.dispatch.ProxyDispatchAdapter$DispatchingInvocationHandler.invoke(ProxyDispatchAdapter.java:93)
	at com.sun.proxy.$Proxy2.processTestClass(Unknown Source)
	at org.gradle.api.internal.tasks.testing.worker.TestWorker.processTestClass(TestWorker.java:106)
	at sun.reflect.NativeMethodAccessorImpl.invoke0(Native Method)
	at sun.reflect.NativeMethodAccessorImpl.invoke(NativeMethodAccessorImpl.java:62)
	at sun.reflect.DelegatingMethodAccessorImpl.invoke(DelegatingMethodAccessorImpl.java:43)
	at java.lang.reflect.Method.invoke(Method.java:497)
	at org.gradle.messaging.dispatch.ReflectionDispatch.dispatch(ReflectionDispatch.java:35)
	at org.gradle.messaging.dispatch.ReflectionDispatch.dispatch(ReflectionDispatch.java:24)
	at org.gradle.messaging.remote.internal.hub.MessageHub$Handler.run(MessageHub.java:360)
	at org.gradle.internal.concurrent.ExecutorPolicy$CatchAndRecordFailures.onExecute(ExecutorPolicy.java:54)
	at org.gradle.internal.concurrent.StoppableExecutorImpl$1.run(StoppableExecutorImpl.java:40)
	at java.util.concurrent.ThreadPoolExecutor.runWorker(ThreadPoolExecutor.java:1142)
	at java.util.concurrent.ThreadPoolExecutor$Worker.run(ThreadPoolExecutor.java:617)
	at java.lang.Thread.run(Thread.java:745)
</failure>
  </testcase>
  <testcase name="request to create a foo" classname="com.georgepapas.pact.FooClientPactTest" time="0.0">
    <skipped/>
  </testcase>
  <testcase name="consumer with alpha" classname="com.georgepapas.pact.FooClientPactTest" time="0.334"/>
  <system-out><![CDATA[]]></system-out>
  <system-err><![CDATA[]]></system-err>
</testsuite>
